=== Building Lexer with ocamllex ===
52 states, 469 transitions, table size 2188 bytes

=== Building Parser with menhir ===
File "parser.mly", line 15, characters 62-66:
Warning: the token BYTE is unused.
File "parser.mly", line 16, characters 48-51:
Warning: the token DOT is unused.
File "parser.mly", line 19, characters 35-43:
Warning: the token LBRACKET is unused.
File "parser.mly", line 15, characters 71-74:
Warning: the token LET is unused.
File "parser.mly", line 15, characters 75-78:
Warning: the token NEW is unused.
File "parser.mly", line 15, characters 67-70:
Warning: the token NIL is unused.
File "parser.mly", line 16, characters 35-47:
Warning: the token QUESTIONMARK is unused.
File "parser.mly", line 19, characters 44-52:
Warning: the token RBRACKET is unused.
File "parser.mly", line 16, characters 28-34:
Warning: the token RECORD is unused.
File "parser.mly", line 16, characters 16-22:
Warning: the token STRING is unused.
File "parser.mly", line 14, characters 16-26:
Warning: the token STRING_LIT is unused.

Building the project with dune...

Running tests in assignment-06-failing-tests...
---------------------------------------
Found test file: assignment-06-failing-tests/test01.dlp
Test #1: assignment-06-failing-tests/test01.dlp
Running compiler: _build/default/driver.exe assignment-06-failing-tests/test01.dlp
Lexical error at line 3, characters 8-27: Invalid integer literal
Test PASSED: Compiler reported an error as expected.

---------------------------------------
Found test file: assignment-06-failing-tests/test02.dlp
Test #2: assignment-06-failing-tests/test02.dlp
Running compiler: _build/default/driver.exe assignment-06-failing-tests/test02.dlp
Lexical error at line 3, characters 8-9: Unexpected character: "
Test PASSED: Compiler reported an error as expected.

---------------------------------------
Found test file: assignment-06-failing-tests/test03.dlp
Test #3: assignment-06-failing-tests/test03.dlp
Running compiler: _build/default/driver.exe assignment-06-failing-tests/test03.dlp
Parser error at line 3, character 5
Test PASSED: Compiler reported an error as expected.

---------------------------------------
Found test file: assignment-06-failing-tests/test04.dlp
Test #4: assignment-06-failing-tests/test04.dlp
Running compiler: _build/default/driver.exe assignment-06-failing-tests/test04.dlp
Lexical error at line 3, characters 11-12: Unexpected character: @
Test PASSED: Compiler reported an error as expected.

---------------------------------------
Found test file: assignment-06-failing-tests/test05.dlp
Test #5: assignment-06-failing-tests/test05.dlp
Running compiler: _build/default/driver.exe assignment-06-failing-tests/test05.dlp
Lexical error at line 5, characters 1-1: Unexpected end of file within a comment
Test PASSED: Compiler reported an error as expected.

---------------------------------------
Found test file: assignment-06-failing-tests/test06.dlp
Test #6: assignment-06-failing-tests/test06.dlp
Running compiler: _build/default/driver.exe assignment-06-failing-tests/test06.dlp
Parser error at line 4, character 3
Test PASSED: Compiler reported an error as expected.

---------------------------------------
Found test file: assignment-06-failing-tests/test07.dlp
Test #7: assignment-06-failing-tests/test07.dlp
Running compiler: _build/default/driver.exe assignment-06-failing-tests/test07.dlp
Parser error at line 4, character 20
Test PASSED: Compiler reported an error as expected.

---------------------------------------
Found test file: assignment-06-failing-tests/test08.dlp
Test #8: assignment-06-failing-tests/test08.dlp
Running compiler: _build/default/driver.exe assignment-06-failing-tests/test08.dlp
Parser error at line 4, character 4
Test PASSED: Compiler reported an error as expected.

---------------------------------------
Found test file: assignment-06-failing-tests/test09.dlp
Test #9: assignment-06-failing-tests/test09.dlp
Running compiler: _build/default/driver.exe assignment-06-failing-tests/test09.dlp
Parser error at line 3, character 4
Test PASSED: Compiler reported an error as expected.

---------------------------------------
Found test file: assignment-06-failing-tests/test10.dlp
Test #10: assignment-06-failing-tests/test10.dlp
Running compiler: _build/default/driver.exe assignment-06-failing-tests/test10.dlp
Parser error at line 3, character 24
Test PASSED: Compiler reported an error as expected.

---------------------------------------
Found test file: assignment-06-failing-tests/test11.dlp
Test #11: assignment-06-failing-tests/test11.dlp
Running compiler: _build/default/driver.exe assignment-06-failing-tests/test11.dlp
Parsing successful!
AST:
Program
└─Function
  ├─Name: main
  ├─Return Type: Int
  ├─Parameters
  └─Body
    ├─DeclStm: VarDecl
    │          └─Declaration
    │            ├─Ident: x
    │            ├─Type: 
    │            └─Body: IntLit(10)
    ├─ExprStm: Assignment
    │          ├─Var(x)
    │          └─BooleanLit(true)
    └─ReturnValStm: Lval
                    └─Var(x)
Semantic error: Type mismatch at line 4, characters 0-8: expected int but found bool
Test PASSED: Compiler reported an error as expected.

---------------------------------------
Found test file: assignment-06-failing-tests/test12.dlp
Test #12: assignment-06-failing-tests/test12.dlp
Running compiler: _build/default/driver.exe assignment-06-failing-tests/test12.dlp
Parser error at line 2, character 8
Test PASSED: Compiler reported an error as expected.

---------------------------------------
Found test file: assignment-06-failing-tests/test13.dlp
Test #13: assignment-06-failing-tests/test13.dlp
Running compiler: _build/default/driver.exe assignment-06-failing-tests/test13.dlp
Parser error at line 2, character 8
Test PASSED: Compiler reported an error as expected.

---------------------------------------
Found test file: assignment-06-failing-tests/test14.dlp
Test #14: assignment-06-failing-tests/test14.dlp
Running compiler: _build/default/driver.exe assignment-06-failing-tests/test14.dlp
Parsing successful!
AST:
Program
└─Function
  ├─Name: main
  ├─Return Type: Int
  ├─Parameters
  └─Body
    ├─DeclStm: VarDecl
    │          └─Declaration
    │            ├─Ident: x
    │            ├─Type: 
    │            └─Body: IntLit(10)
    ├─DeclStm: VarDecl
    │          └─Declaration
    │            ├─Ident: y
    │            ├─Type: 
    │            └─Body: BooleanLit(true)
    ├─ExprStm: Assignment
    │          ├─Var(x)
    │          └─BinOp
    │            ├─Lval
    │            │ └─Var(x)
    │            ├─PLUS
    │            └─Lval
    │              └─Var(y)
    └─ReturnValStm: IntLit(0)
Semantic error: Type mismatch at line 5, characters 4-9: expected int but found int
Test PASSED: Compiler reported an error as expected.

---------------------------------------
Found test file: assignment-06-failing-tests/test15.dlp
Test #15: assignment-06-failing-tests/test15.dlp
Running compiler: _build/default/driver.exe assignment-06-failing-tests/test15.dlp
Parsing successful!
AST:
Program
└─Function
  ├─Name: main
  ├─Return Type: Int
  ├─Parameters
  └─Body
    ├─DeclStm: VarDecl
    │          └─Declaration
    │            ├─Ident: x
    │            ├─Type: 
    │            └─Body: BooleanLit(true)
    └─ReturnValStm: Lval
                    └─Var(x)
Variables in environment:
  x 
Semantic error: Return type mismatch at line 2, character 0 to line 5, character 1: expected int but found bool
Test PASSED: Compiler reported an error as expected.

=======================================
Test Summary for assignment-06-failing-tests:
Total Tests Run: 15
Passed Tests:    15
Failed Tests:    0
=======================================
Running tests in assignment-06-passing-tests...
---------------------------------------
Found test file: assignment-06-passing-tests/test01.dlp
Test #1: assignment-06-passing-tests/test01.dlp
Running compiler: _build/default/driver.exe assignment-06-passing-tests/test01.dlp
Parsing successful!
AST:
Program
└─Function
  ├─Name: main
  ├─Return Type: Int
  ├─Parameters
  └─Body
    ├─DeclStm: VarDecl
    │          ├─Declaration
    │          │ ├─Ident: x
    │          │ ├─Type: 
    │          │ └─Body: IntLit(10)
    │          ├─Declaration
    │          │ ├─Ident: y
    │          │ ├─Type: 
    │          │ └─Body: IntLit(20)
    │          └─Declaration
    │            ├─Ident: z
    │            ├─Type: 
    │            └─Body: BinOp
    │                    ├─Lval
    │                    │ └─Var(x)
    │                    ├─PLUS
    │                    └─Lval
    │                      └─Var(y)
    └─ReturnValStm: Lval
                    └─Var(z)
Variables in environment:
  z 
  y 
  x 
Semantic analysis successful!
Typed AST:
Program
└─Functions
  └─Function
    ├─Name: main
    ├─Return Type: Int
    ├─Params
    └─Body
      ├─DeclStm: VarDecl
      │          ├─Declaration
      │          │ ├─Ident: x
      │          │ ├─Type: Int
      │          │ └─Body: IntLit(10)
      │          ├─Declaration
      │          │ ├─Ident: y
      │          │ ├─Type: Int
      │          │ └─Body: IntLit(20)
      │          └─Declaration
      │            ├─Ident: z
      │            ├─Type: Int
      │            └─Body: BinOp
      │                    ├─Int
      │                    ├─Lval
      │                    │ └─Var(x) : Int
      │                    ├─PLUS
      │                    └─Lval
      │                      └─Var(y) : Int
      └─ReturnValStm: Lval
                      └─Var(z) : Int
Test PASSED: Compiler succeeded as expected.

---------------------------------------
Found test file: assignment-06-passing-tests/test02.dlp
Test #2: assignment-06-passing-tests/test02.dlp
Running compiler: _build/default/driver.exe assignment-06-passing-tests/test02.dlp
Parsing successful!
AST:
Program
└─Function
  ├─Name: main
  ├─Return Type: Int
  ├─Parameters
  └─Body
    ├─DeclStm: VarDecl
    │          └─Declaration
    │            ├─Ident: sum
    │            ├─Type: 
    │            └─Body: IntLit(0)
    ├─ForStm
    │ ├─Init: ForInitDecl: VarDecl
    │ │                    └─Declaration
    │ │                      ├─Ident: i
    │ │                      ├─Type: 
    │ │                      └─Body: IntLit(0)
    │ ├─Cond: BinOp
    │ │       ├─Lval
    │ │       │ └─Var(i)
    │ │       ├─Lt
    │ │       └─IntLit(10)
    │ ├─Update: Assignment
    │ │         ├─Var(i)
    │ │         └─BinOp
    │ │           ├─Lval
    │ │           │ └─Var(i)
    │ │           ├─PLUS
    │ │           └─IntLit(1)
    │ └─Body: CompoundStm
    │         └─CompoundStm
    │           ├─IfStm
    │           │ ├─Cond: BinOp
    │           │ │       ├─BinOp
    │           │ │       │ ├─Lval
    │           │ │       │ │ └─Var(i)
    │           │ │       │ ├─Rem
    │           │ │       │ └─IntLit(2)
    │           │ │       ├─Eq
    │           │ │       └─IntLit(0)
    │           │ └─Then-Branch: CompoundStm
    │           │                └─CompoundStm
    │           │                  └─ContinueStm
    │           ├─ExprStm: Assignment
    │           │          ├─Var(sum)
    │           │          └─BinOp
    │           │            ├─Lval
    │           │            │ └─Var(sum)
    │           │            ├─PLUS
    │           │            └─Lval
    │           │              └─Var(i)
    │           └─IfStm
    │             ├─Cond: BinOp
    │             │       ├─Lval
    │             │       │ └─Var(sum)
    │             │       ├─Gt
    │             │       └─IntLit(20)
    │             └─Then-Branch: CompoundStm
    │                            └─CompoundStm
    │                              └─BreakStm
    └─ReturnValStm: Lval
                    └─Var(sum)
Variables in environment:
  sum 
Semantic analysis successful!
Typed AST:
Program
└─Functions
  └─Function
    ├─Name: main
    ├─Return Type: Int
    ├─Params
    └─Body
      ├─DeclStm: VarDecl
      │          └─Declaration
      │            ├─Ident: sum
      │            ├─Type: Int
      │            └─Body: IntLit(0)
      ├─ForStm
      │ ├─Init: ForInitDecl: VarDecl
      │ │                    └─Declaration
      │ │                      ├─Ident: i
      │ │                      ├─Type: Int
      │ │                      └─Body: IntLit(0)
      │ ├─Cond: BinOp
      │ │       ├─Bool
      │ │       ├─Lval
      │ │       │ └─Var(i) : Int
      │ │       ├─Lt
      │ │       └─IntLit(10)
      │ ├─Update: Assignment
      │ │         ├─Int
      │ │         ├─Var(i) : Int
      │ │         └─BinOp
      │ │           ├─Int
      │ │           ├─Lval
      │ │           │ └─Var(i) : Int
      │ │           ├─PLUS
      │ │           └─IntLit(1)
      │ └─Body: CompoundStm
      │         └─CompoundStm
      │           ├─IfStm
      │           │ ├─Cond: BinOp
      │           │ │       ├─Bool
      │           │ │       ├─BinOp
      │           │ │       │ ├─Int
      │           │ │       │ ├─Lval
      │           │ │       │ │ └─Var(i) : Int
      │           │ │       │ ├─Rem
      │           │ │       │ └─IntLit(2)
      │           │ │       ├─Eq
      │           │ │       └─IntLit(0)
      │           │ └─Then-Branch: CompoundStm
      │           │                └─CompoundStm
      │           │                  └─ContinueStm
      │           ├─ExprStm: Assignment
      │           │          ├─Int
      │           │          ├─Var(sum) : Int
      │           │          └─BinOp
      │           │            ├─Int
      │           │            ├─Lval
      │           │            │ └─Var(sum) : Int
      │           │            ├─PLUS
      │           │            └─Lval
      │           │              └─Var(i) : Int
      │           └─IfStm
      │             ├─Cond: BinOp
      │             │       ├─Bool
      │             │       ├─Lval
      │             │       │ └─Var(sum) : Int
      │             │       ├─Gt
      │             │       └─IntLit(20)
      │             └─Then-Branch: CompoundStm
      │                            └─CompoundStm
      │                              └─BreakStm
      └─ReturnValStm: Lval
                      └─Var(sum) : Int
Test PASSED: Compiler succeeded as expected.

---------------------------------------
Found test file: assignment-06-passing-tests/test03.dlp
Test #3: assignment-06-passing-tests/test03.dlp
Running compiler: _build/default/driver.exe assignment-06-passing-tests/test03.dlp
Parsing successful!
AST:
Program
└─Function
  ├─Name: main
  ├─Return Type: Int
  ├─Parameters
  └─Body
    ├─DeclStm: VarDecl
    │          └─Declaration
    │            ├─Ident: i
    │            ├─Type: 
    │            └─Body: IntLit(0)
    ├─WhileStm
    │ ├─Cond: BinOp
    │ │       ├─Lval
    │ │       │ └─Var(i)
    │ │       ├─Lt
    │ │       └─IntLit(3)
    │ └─Body: CompoundStm
    │         └─CompoundStm
    │           ├─DeclStm: VarDecl
    │           │          └─Declaration
    │           │            ├─Ident: j
    │           │            ├─Type: 
    │           │            └─Body: IntLit(0)
    │           ├─ForStm
    │           │ ├─Init: 
    │           │ ├─Cond: BinOp
    │           │ │       ├─Lval
    │           │ │       │ └─Var(j)
    │           │ │       ├─Lt
    │           │ │       └─IntLit(2)
    │           │ ├─Update: Assignment
    │           │ │         ├─Var(j)
    │           │ │         └─BinOp
    │           │ │           ├─Lval
    │           │ │           │ └─Var(j)
    │           │ │           ├─PLUS
    │           │ │           └─IntLit(1)
    │           │ └─Body: CompoundStm
    │           │         └─CompoundStm
    │           │           ├─ExprStm: Call
    │           │           │          ├─FunName: print_integer
    │           │           │          └─Args
    │           │           │            └─Lval
    │           │           │              └─Var(i)
    │           │           └─BreakStm
    │           └─ExprStm: Assignment
    │                      ├─Var(i)
    │                      └─BinOp
    │                        ├─Lval
    │                        │ └─Var(i)
    │                        ├─PLUS
    │                        └─IntLit(1)
    └─ReturnValStm: IntLit(0)
Variables in environment:
  i 
Semantic analysis successful!
Typed AST:
Program
└─Functions
  └─Function
    ├─Name: main
    ├─Return Type: Int
    ├─Params
    └─Body
      ├─DeclStm: VarDecl
      │          └─Declaration
      │            ├─Ident: i
      │            ├─Type: Int
      │            └─Body: IntLit(0)
      ├─WhileStm
      │ ├─Cond: BinOp
      │ │       ├─Bool
      │ │       ├─Lval
      │ │       │ └─Var(i) : Int
      │ │       ├─Lt
      │ │       └─IntLit(3)
      │ └─Body: CompoundStm
      │         └─CompoundStm
      │           ├─DeclStm: VarDecl
      │           │          └─Declaration
      │           │            ├─Ident: j
      │           │            ├─Type: Int
      │           │            └─Body: IntLit(0)
      │           ├─ForStm
      │           │ ├─Init: 
      │           │ ├─Cond: BinOp
      │           │ │       ├─Bool
      │           │ │       ├─Lval
      │           │ │       │ └─Var(j) : Int
      │           │ │       ├─Lt
      │           │ │       └─IntLit(2)
      │           │ ├─Update: Assignment
      │           │ │         ├─Int
      │           │ │         ├─Var(j) : Int
      │           │ │         └─BinOp
      │           │ │           ├─Int
      │           │ │           ├─Lval
      │           │ │           │ └─Var(j) : Int
      │           │ │           ├─PLUS
      │           │ │           └─IntLit(1)
      │           │ └─Body: CompoundStm
      │           │         └─CompoundStm
      │           │           ├─ExprStm: Call
      │           │           │          ├─Void
      │           │           │          ├─FunName: print_integer
      │           │           │          └─Args
      │           │           │            └─Lval
      │           │           │              └─Var(i) : Int
      │           │           └─BreakStm
      │           └─ExprStm: Assignment
      │                      ├─Int
      │                      ├─Var(i) : Int
      │                      └─BinOp
      │                        ├─Int
      │                        ├─Lval
      │                        │ └─Var(i) : Int
      │                        ├─PLUS
      │                        └─IntLit(1)
      └─ReturnValStm: IntLit(0)
Test PASSED: Compiler succeeded as expected.

---------------------------------------
Found test file: assignment-06-passing-tests/test04.dlp
Test #4: assignment-06-passing-tests/test04.dlp
Running compiler: _build/default/driver.exe assignment-06-passing-tests/test04.dlp
Lexical error at line 14, characters 9-10: Unexpected character: \'
Test FAILED: Compiler reported an error unexpectedly.

---------------------------------------
Found test file: assignment-06-passing-tests/test05.dlp
Test #5: assignment-06-passing-tests/test05.dlp
Running compiler: _build/default/driver.exe assignment-06-passing-tests/test05.dlp
Parsing successful!
AST:
Program
└─Function
  ├─Name: main
  ├─Return Type: Int
  ├─Parameters
  └─Body
    ├─DeclStm: VarDecl
    │          └─Declaration
    │            ├─Ident: a
    │            ├─Type: 
    │            └─Body: IntLit(1)
    ├─DeclStm: VarDecl
    │          └─Declaration
    │            ├─Ident: b
    │            ├─Type: 
    │            └─Body: IntLit(2)
    ├─ForStm
    │ ├─Init: ForInitExpr: Assignment
    │ │                    ├─Var(a)
    │ │                    └─IntLit(0)
    │ ├─Cond: BinOp
    │ │       ├─Lval
    │ │       │ └─Var(a)
    │ │       ├─Lt
    │ │       └─IntLit(5)
    │ ├─Update: Assignment
    │ │         ├─Var(a)
    │ │         └─BinOp
    │ │           ├─Lval
    │ │           │ └─Var(a)
    │ │           ├─PLUS
    │ │           └─IntLit(1)
    │ └─Body: CompoundStm
    │         └─CompoundStm
    │           └─WhileStm
    │             ├─Cond: BinOp
    │             │       ├─Lval
    │             │       │ └─Var(b)
    │             │       ├─Lt
    │             │       └─IntLit(5)
    │             └─Body: CompoundStm
    │                     └─CompoundStm
    │                       ├─IfStm
    │                       │ ├─Cond: BinOp
    │                       │ │       ├─Lval
    │                       │ │       │ └─Var(b)
    │                       │ │       ├─Eq
    │                       │ │       └─IntLit(3)
    │                       │ └─Then-Branch: CompoundStm
    │                       │                └─CompoundStm
    │                       │                  └─ContinueStm
    │                       └─ExprStm: Assignment
    │                                  ├─Var(b)
    │                                  └─BinOp
    │                                    ├─Lval
    │                                    │ └─Var(b)
    │                                    ├─PLUS
    │                                    └─IntLit(1)
    └─ReturnValStm: IntLit(0)
Variables in environment:
  b 
  a 
Semantic analysis successful!
Typed AST:
Program
└─Functions
  └─Function
    ├─Name: main
    ├─Return Type: Int
    ├─Params
    └─Body
      ├─DeclStm: VarDecl
      │          └─Declaration
      │            ├─Ident: a
      │            ├─Type: Int
      │            └─Body: IntLit(1)
      ├─DeclStm: VarDecl
      │          └─Declaration
      │            ├─Ident: b
      │            ├─Type: Int
      │            └─Body: IntLit(2)
      ├─ForStm
      │ ├─Init: ForInitExpr: Assignment
      │ │                    ├─Int
      │ │                    ├─Var(a) : Int
      │ │                    └─IntLit(0)
      │ ├─Cond: BinOp
      │ │       ├─Bool
      │ │       ├─Lval
      │ │       │ └─Var(a) : Int
      │ │       ├─Lt
      │ │       └─IntLit(5)
      │ ├─Update: Assignment
      │ │         ├─Int
      │ │         ├─Var(a) : Int
      │ │         └─BinOp
      │ │           ├─Int
      │ │           ├─Lval
      │ │           │ └─Var(a) : Int
      │ │           ├─PLUS
      │ │           └─IntLit(1)
      │ └─Body: CompoundStm
      │         └─CompoundStm
      │           └─WhileStm
      │             ├─Cond: BinOp
      │             │       ├─Bool
      │             │       ├─Lval
      │             │       │ └─Var(b) : Int
      │             │       ├─Lt
      │             │       └─IntLit(5)
      │             └─Body: CompoundStm
      │                     └─CompoundStm
      │                       ├─IfStm
      │                       │ ├─Cond: BinOp
      │                       │ │       ├─Bool
      │                       │ │       ├─Lval
      │                       │ │       │ └─Var(b) : Int
      │                       │ │       ├─Eq
      │                       │ │       └─IntLit(3)
      │                       │ └─Then-Branch: CompoundStm
      │                       │                └─CompoundStm
      │                       │                  └─ContinueStm
      │                       └─ExprStm: Assignment
      │                                  ├─Int
      │                                  ├─Var(b) : Int
      │                                  └─BinOp
      │                                    ├─Int
      │                                    ├─Lval
      │                                    │ └─Var(b) : Int
      │                                    ├─PLUS
      │                                    └─IntLit(1)
      └─ReturnValStm: IntLit(0)
Test PASSED: Compiler succeeded as expected.

---------------------------------------
Found test file: assignment-06-passing-tests/test06.dlp
Test #6: assignment-06-passing-tests/test06.dlp
Running compiler: _build/default/driver.exe assignment-06-passing-tests/test06.dlp
Parsing successful!
AST:
Program
└─Function
  ├─Name: main
  ├─Return Type: Int
  ├─Parameters
  └─Body
    ├─DeclStm: VarDecl
    │          └─Declaration
    │            ├─Ident: x
    │            ├─Type: 
    │            └─Body: IntLit(10)
    ├─ExprStm: Assignment
    │          ├─Var(x)
    │          └─BinOp
    │            ├─Lval
    │            │ └─Var(x)
    │            ├─PLUS
    │            └─IntLit(20)
    └─ReturnValStm: Lval
                    └─Var(x)
Variables in environment:
  x 
Semantic analysis successful!
Typed AST:
Program
└─Functions
  └─Function
    ├─Name: main
    ├─Return Type: Int
    ├─Params
    └─Body
      ├─DeclStm: VarDecl
      │          └─Declaration
      │            ├─Ident: x
      │            ├─Type: Int
      │            └─Body: IntLit(10)
      ├─ExprStm: Assignment
      │          ├─Int
      │          ├─Var(x) : Int
      │          └─BinOp
      │            ├─Int
      │            ├─Lval
      │            │ └─Var(x) : Int
      │            ├─PLUS
      │            └─IntLit(20)
      └─ReturnValStm: Lval
                      └─Var(x) : Int
Test PASSED: Compiler succeeded as expected.

---------------------------------------
Found test file: assignment-06-passing-tests/test07.dlp
Test #7: assignment-06-passing-tests/test07.dlp
Running compiler: _build/default/driver.exe assignment-06-passing-tests/test07.dlp
Parsing successful!
AST:
Program
└─Function
  ├─Name: main
  ├─Return Type: Int
  ├─Parameters
  └─Body
    ├─DeclStm: VarDecl
    │          └─Declaration
    │            ├─Ident: x
    │            ├─Type: 
    │            └─Body: IntLit(10)
    ├─DeclStm: VarDecl
    │          └─Declaration
    │            ├─Ident: y
    │            ├─Type: 
    │            └─Body: IntLit(20)
    ├─ExprStm: Assignment
    │          ├─Var(x)
    │          └─BinOp
    │            ├─Lval
    │            │ └─Var(x)
    │            ├─Mul
    │            └─Lval
    │              └─Var(y)
    └─ReturnValStm: Lval
                    └─Var(x)
Variables in environment:
  y 
  x 
Semantic analysis successful!
Typed AST:
Program
└─Functions
  └─Function
    ├─Name: main
    ├─Return Type: Int
    ├─Params
    └─Body
      ├─DeclStm: VarDecl
      │          └─Declaration
      │            ├─Ident: x
      │            ├─Type: Int
      │            └─Body: IntLit(10)
      ├─DeclStm: VarDecl
      │          └─Declaration
      │            ├─Ident: y
      │            ├─Type: Int
      │            └─Body: IntLit(20)
      ├─ExprStm: Assignment
      │          ├─Int
      │          ├─Var(x) : Int
      │          └─BinOp
      │            ├─Int
      │            ├─Lval
      │            │ └─Var(x) : Int
      │            ├─Mul
      │            └─Lval
      │              └─Var(y) : Int
      └─ReturnValStm: Lval
                      └─Var(x) : Int
Test PASSED: Compiler succeeded as expected.

---------------------------------------
Found test file: assignment-06-passing-tests/test08.dlp
Test #8: assignment-06-passing-tests/test08.dlp
Running compiler: _build/default/driver.exe assignment-06-passing-tests/test08.dlp
Parsing successful!
AST:
Program
└─Function
  ├─Name: main
  ├─Return Type: Int
  ├─Parameters
  └─Body
    ├─DeclStm: VarDecl
    │          └─Declaration
    │            ├─Ident: x
    │            ├─Type: 
    │            └─Body: IntLit(10)
    ├─IfStm
    │ ├─Cond: BinOp
    │ │       ├─Lval
    │ │       │ └─Var(x)
    │ │       ├─Lt
    │ │       └─IntLit(20)
    │ ├─Then-Branch: CompoundStm
    │ │              └─CompoundStm
    │ │                └─ExprStm: Assignment
    │ │                           ├─Var(x)
    │ │                           └─BinOp
    │ │                             ├─Lval
    │ │                             │ └─Var(x)
    │ │                             ├─PLUS
    │ │                             └─IntLit(7)
    │ └─Else-Branch: CompoundStm
    │                └─CompoundStm
    │                  └─ExprStm: Assignment
    │                             ├─Var(x)
    │                             └─BinOp
    │                               ├─Lval
    │                               │ └─Var(x)
    │                               ├─Minus
    │                               └─IntLit(5)
    └─ReturnValStm: Lval
                    └─Var(x)
Variables in environment:
  x 
Semantic analysis successful!
Typed AST:
Program
└─Functions
  └─Function
    ├─Name: main
    ├─Return Type: Int
    ├─Params
    └─Body
      ├─DeclStm: VarDecl
      │          └─Declaration
      │            ├─Ident: x
      │            ├─Type: Int
      │            └─Body: IntLit(10)
      ├─IfStm
      │ ├─Cond: BinOp
      │ │       ├─Bool
      │ │       ├─Lval
      │ │       │ └─Var(x) : Int
      │ │       ├─Lt
      │ │       └─IntLit(20)
      │ ├─Then-Branch: CompoundStm
      │ │              └─CompoundStm
      │ │                └─ExprStm: Assignment
      │ │                           ├─Int
      │ │                           ├─Var(x) : Int
      │ │                           └─BinOp
      │ │                             ├─Int
      │ │                             ├─Lval
      │ │                             │ └─Var(x) : Int
      │ │                             ├─PLUS
      │ │                             └─IntLit(7)
      │ └─Else-Branch: CompoundStm
      │                └─CompoundStm
      │                  └─ExprStm: Assignment
      │                             ├─Int
      │                             ├─Var(x) : Int
      │                             └─BinOp
      │                               ├─Int
      │                               ├─Lval
      │                               │ └─Var(x) : Int
      │                               ├─Minus
      │                               └─IntLit(5)
      └─ReturnValStm: Lval
                      └─Var(x) : Int
Test PASSED: Compiler succeeded as expected.

---------------------------------------
Found test file: assignment-06-passing-tests/test09.dlp
Test #9: assignment-06-passing-tests/test09.dlp
Running compiler: _build/default/driver.exe assignment-06-passing-tests/test09.dlp
Parsing successful!
AST:
Program
└─Function
  ├─Name: main
  ├─Return Type: Int
  ├─Parameters
  └─Body
    ├─DeclStm: VarDecl
    │          └─Declaration
    │            ├─Ident: x
    │            ├─Type: 
    │            └─Body: IntLit(5)
    ├─CompoundStm
    │ └─CompoundStm
    │   ├─DeclStm: VarDecl
    │   │          └─Declaration
    │   │            ├─Ident: x
    │   │            ├─Type: 
    │   │            └─Body: IntLit(10)
    │   └─ExprStm: Call
    │              ├─FunName: print_integer
    │              └─Args
    │                └─Lval
    │                  └─Var(x)
    ├─ExprStm: Call
    │          ├─FunName: print_integer
    │          └─Args
    │            └─Lval
    │              └─Var(x)
    └─ReturnValStm: IntLit(0)
Variables in environment:
  x 
Semantic analysis successful!
Typed AST:
Program
└─Functions
  └─Function
    ├─Name: main
    ├─Return Type: Int
    ├─Params
    └─Body
      ├─DeclStm: VarDecl
      │          └─Declaration
      │            ├─Ident: x
      │            ├─Type: Int
      │            └─Body: IntLit(5)
      ├─CompoundStm
      │ └─CompoundStm
      │   ├─DeclStm: VarDecl
      │   │          └─Declaration
      │   │            ├─Ident: x
      │   │            ├─Type: Int
      │   │            └─Body: IntLit(10)
      │   └─ExprStm: Call
      │              ├─Void
      │              ├─FunName: print_integer
      │              └─Args
      │                └─Lval
      │                  └─Var(x) : Int
      ├─ExprStm: Call
      │          ├─Void
      │          ├─FunName: print_integer
      │          └─Args
      │            └─Lval
      │              └─Var(x) : Int
      └─ReturnValStm: IntLit(0)
Test PASSED: Compiler succeeded as expected.

---------------------------------------
Found test file: assignment-06-passing-tests/test10.dlp
Test #10: assignment-06-passing-tests/test10.dlp
Running compiler: _build/default/driver.exe assignment-06-passing-tests/test10.dlp
Parsing successful!
AST:
Program
└─Function
  ├─Name: main
  ├─Return Type: Int
  ├─Parameters
  └─Body
    ├─DeclStm: VarDecl
    │          └─Declaration
    │            ├─Ident: x
    │            ├─Type: 
    │            └─Body: BooleanLit(true)
    ├─DeclStm: VarDecl
    │          └─Declaration
    │            ├─Ident: y
    │            ├─Type: 
    │            └─Body: BooleanLit(false)
    ├─DeclStm: VarDecl
    │          └─Declaration
    │            ├─Ident: z
    │            ├─Type: 
    │            └─Body: BinOp
    │                    ├─Lval
    │                    │ └─Var(x)
    │                    ├─Lor
    │                    └─BinOp
    │                      ├─BinOp
    │                      │ ├─IntLit(1)
    │                      │ ├─Div
    │                      │ └─IntLit(0)
    │                      ├─Eq
    │                      └─IntLit(0)
    └─ReturnValStm: IntLit(0)
Variables in environment:
  z 
  y 
  x 
Semantic analysis successful!
Typed AST:
Program
└─Functions
  └─Function
    ├─Name: main
    ├─Return Type: Int
    ├─Params
    └─Body
      ├─DeclStm: VarDecl
      │          └─Declaration
      │            ├─Ident: x
      │            ├─Type: Bool
      │            └─Body: BooleanLit(true)
      ├─DeclStm: VarDecl
      │          └─Declaration
      │            ├─Ident: y
      │            ├─Type: Bool
      │            └─Body: BooleanLit(false)
      ├─DeclStm: VarDecl
      │          └─Declaration
      │            ├─Ident: z
      │            ├─Type: Bool
      │            └─Body: BinOp
      │                    ├─Bool
      │                    ├─Lval
      │                    │ └─Var(x) : Bool
      │                    ├─Lor
      │                    └─BinOp
      │                      ├─Bool
      │                      ├─BinOp
      │                      │ ├─Int
      │                      │ ├─IntLit(1)
      │                      │ ├─Div
      │                      │ └─IntLit(0)
      │                      ├─Eq
      │                      └─IntLit(0)
      └─ReturnValStm: IntLit(0)
Test PASSED: Compiler succeeded as expected.

---------------------------------------
Found test file: assignment-06-passing-tests/test11.dlp
Test #11: assignment-06-passing-tests/test11.dlp
Running compiler: _build/default/driver.exe assignment-06-passing-tests/test11.dlp
Parsing successful!
AST:
Program
└─Function
  ├─Name: main
  ├─Return Type: Int
  ├─Parameters
  └─Body
    ├─DeclStm: VarDecl
    │          └─Declaration
    │            ├─Ident: x
    │            ├─Type: 
    │            └─Body: IntLit(5)
    ├─DeclStm: VarDecl
    │          └─Declaration
    │            ├─Ident: neg_x
    │            ├─Type: 
    │            └─Body: UnOp
    │                    ├─Neg
    │                    └─Lval
    │                      └─Var(x)
    └─ReturnValStm: Lval
                    └─Var(neg_x)
Variables in environment:
  neg_x 
  x 
Semantic analysis successful!
Typed AST:
Program
└─Functions
  └─Function
    ├─Name: main
    ├─Return Type: Int
    ├─Params
    └─Body
      ├─DeclStm: VarDecl
      │          └─Declaration
      │            ├─Ident: x
      │            ├─Type: Int
      │            └─Body: IntLit(5)
      ├─DeclStm: VarDecl
      │          └─Declaration
      │            ├─Ident: neg_x
      │            ├─Type: Int
      │            └─Body: UnOp
      │                    ├─Int
      │                    ├─Neg
      │                    └─Lval
      │                      └─Var(x) : Int
      └─ReturnValStm: Lval
                      └─Var(neg_x) : Int
Test PASSED: Compiler succeeded as expected.

---------------------------------------
Found test file: assignment-06-passing-tests/test12.dlp
Test #12: assignment-06-passing-tests/test12.dlp
Running compiler: _build/default/driver.exe assignment-06-passing-tests/test12.dlp
Parsing successful!
AST:
Program
└─Function
  ├─Name: main
  ├─Return Type: Int
  ├─Parameters
  └─Body
    ├─DeclStm: VarDecl
    │          └─Declaration
    │            ├─Ident: a
    │            ├─Type: 
    │            └─Body: IntLit(10)
    ├─DeclStm: VarDecl
    │          └─Declaration
    │            ├─Ident: b
    │            ├─Type: 
    │            └─Body: IntLit(20)
    ├─DeclStm: VarDecl
    │          └─Declaration
    │            ├─Ident: is_equal
    │            ├─Type: 
    │            └─Body: BinOp
    │                    ├─Lval
    │                    │ └─Var(a)
    │                    ├─Eq
    │                    └─Lval
    │                      └─Var(b)
    └─ReturnValStm: IntLit(0)
Variables in environment:
  is_equal 
  b 
  a 
Semantic analysis successful!
Typed AST:
Program
└─Functions
  └─Function
    ├─Name: main
    ├─Return Type: Int
    ├─Params
    └─Body
      ├─DeclStm: VarDecl
      │          └─Declaration
      │            ├─Ident: a
      │            ├─Type: Int
      │            └─Body: IntLit(10)
      ├─DeclStm: VarDecl
      │          └─Declaration
      │            ├─Ident: b
      │            ├─Type: Int
      │            └─Body: IntLit(20)
      ├─DeclStm: VarDecl
      │          └─Declaration
      │            ├─Ident: is_equal
      │            ├─Type: Bool
      │            └─Body: BinOp
      │                    ├─Bool
      │                    ├─Lval
      │                    │ └─Var(a) : Int
      │                    ├─Eq
      │                    └─Lval
      │                      └─Var(b) : Int
      └─ReturnValStm: IntLit(0)
Test PASSED: Compiler succeeded as expected.

---------------------------------------
Found test file: assignment-06-passing-tests/test13.dlp
Test #13: assignment-06-passing-tests/test13.dlp
Running compiler: _build/default/driver.exe assignment-06-passing-tests/test13.dlp
Parsing successful!
AST:
Program
└─Function
  ├─Name: main
  ├─Return Type: Int
  ├─Parameters
  └─Body
    ├─DeclStm: VarDecl
    │          └─Declaration
    │            ├─Ident: x
    │            ├─Type: 
    │            └─Body: Call
    │                    ├─FunName: read_integer
    │                    └─Args
    ├─ExprStm: Call
    │          ├─FunName: print_integer
    │          └─Args
    │            └─Lval
    │              └─Var(x)
    └─ReturnValStm: IntLit(0)
Variables in environment:
  x 
Semantic analysis successful!
Typed AST:
Program
└─Functions
  └─Function
    ├─Name: main
    ├─Return Type: Int
    ├─Params
    └─Body
      ├─DeclStm: VarDecl
      │          └─Declaration
      │            ├─Ident: x
      │            ├─Type: Int
      │            └─Body: Call
      │                    ├─Int
      │                    ├─FunName: read_integer
      │                    └─Args
      ├─ExprStm: Call
      │          ├─Void
      │          ├─FunName: print_integer
      │          └─Args
      │            └─Lval
      │              └─Var(x) : Int
      └─ReturnValStm: IntLit(0)
Test PASSED: Compiler succeeded as expected.

---------------------------------------
Found test file: assignment-06-passing-tests/test14.dlp
Test #14: assignment-06-passing-tests/test14.dlp
Running compiler: _build/default/driver.exe assignment-06-passing-tests/test14.dlp
Parsing successful!
AST:
Program
└─Function
  ├─Name: main
  ├─Return Type: Int
  ├─Parameters
  └─Body
    ├─DeclStm: VarDecl
    │          └─Declaration
    │            ├─Ident: x
    │            ├─Type: 
    │            └─Body: IntLit(15)
    ├─IfStm
    │ ├─Cond: BinOp
    │ │       ├─Lval
    │ │       │ └─Var(x)
    │ │       ├─Gt
    │ │       └─IntLit(10)
    │ └─Then-Branch: CompoundStm
    │                └─CompoundStm
    │                  └─IfStm
    │                    ├─Cond: BinOp
    │                    │       ├─Lval
    │                    │       │ └─Var(x)
    │                    │       ├─Lt
    │                    │       └─IntLit(20)
    │                    └─Then-Branch: CompoundStm
    │                                   └─CompoundStm
    │                                     └─ExprStm: Call
    │                                                ├─FunName: print_integer
    │                                                └─Args
    │                                                  └─Lval
    │                                                    └─Var(x)
    └─ReturnValStm: IntLit(0)
Variables in environment:
  x 
Semantic analysis successful!
Typed AST:
Program
└─Functions
  └─Function
    ├─Name: main
    ├─Return Type: Int
    ├─Params
    └─Body
      ├─DeclStm: VarDecl
      │          └─Declaration
      │            ├─Ident: x
      │            ├─Type: Int
      │            └─Body: IntLit(15)
      ├─IfStm
      │ ├─Cond: BinOp
      │ │       ├─Bool
      │ │       ├─Lval
      │ │       │ └─Var(x) : Int
      │ │       ├─Gt
      │ │       └─IntLit(10)
      │ └─Then-Branch: CompoundStm
      │                └─CompoundStm
      │                  └─IfStm
      │                    ├─Cond: BinOp
      │                    │       ├─Bool
      │                    │       ├─Lval
      │                    │       │ └─Var(x) : Int
      │                    │       ├─Lt
      │                    │       └─IntLit(20)
      │                    └─Then-Branch: CompoundStm
      │                                   └─CompoundStm
      │                                     └─ExprStm: Call
      │                                                ├─Void
      │                                                ├─FunName: print_integer
      │                                                └─Args
      │                                                  └─Lval
      │                                                    └─Var(x) : Int
      └─ReturnValStm: IntLit(0)
Test PASSED: Compiler succeeded as expected.

---------------------------------------
Found test file: assignment-06-passing-tests/test15.dlp
Test #15: assignment-06-passing-tests/test15.dlp
Running compiler: _build/default/driver.exe assignment-06-passing-tests/test15.dlp
Parsing successful!
AST:
Program
└─Function
  ├─Name: main
  ├─Return Type: Int
  ├─Parameters
  └─Body
    ├─DeclStm: VarDecl
    │          └─Declaration
    │            ├─Ident: a
    │            ├─Type: 
    │            └─Body: IntLit(10)
    ├─DeclStm: VarDecl
    │          └─Declaration
    │            ├─Ident: b
    │            ├─Type: 
    │            └─Body: IntLit(3)
    ├─DeclStm: VarDecl
    │          └─Declaration
    │            ├─Ident: sum
    │            ├─Type: 
    │            └─Body: BinOp
    │                    ├─Lval
    │                    │ └─Var(a)
    │                    ├─PLUS
    │                    └─Lval
    │                      └─Var(b)
    ├─DeclStm: VarDecl
    │          └─Declaration
    │            ├─Ident: diff
    │            ├─Type: 
    │            └─Body: BinOp
    │                    ├─Lval
    │                    │ └─Var(a)
    │                    ├─Minus
    │                    └─Lval
    │                      └─Var(b)
    ├─DeclStm: VarDecl
    │          └─Declaration
    │            ├─Ident: prod
    │            ├─Type: 
    │            └─Body: BinOp
    │                    ├─Lval
    │                    │ └─Var(a)
    │                    ├─Mul
    │                    └─Lval
    │                      └─Var(b)
    ├─DeclStm: VarDecl
    │          └─Declaration
    │            ├─Ident: quot
    │            ├─Type: 
    │            └─Body: BinOp
    │                    ├─Lval
    │                    │ └─Var(a)
    │                    ├─Div
    │                    └─Lval
    │                      └─Var(b)
    ├─DeclStm: VarDecl
    │          └─Declaration
    │            ├─Ident: rem
    │            ├─Type: 
    │            └─Body: BinOp
    │                    ├─Lval
    │                    │ └─Var(a)
    │                    ├─Rem
    │                    └─Lval
    │                      └─Var(b)
    └─ReturnValStm: IntLit(0)
Variables in environment:
  rem 
  quot 
  prod 
  diff 
  sum 
  b 
  a 
Semantic analysis successful!
Typed AST:
Program
└─Functions
  └─Function
    ├─Name: main
    ├─Return Type: Int
    ├─Params
    └─Body
      ├─DeclStm: VarDecl
      │          └─Declaration
      │            ├─Ident: a
      │            ├─Type: Int
      │            └─Body: IntLit(10)
      ├─DeclStm: VarDecl
      │          └─Declaration
      │            ├─Ident: b
      │            ├─Type: Int
      │            └─Body: IntLit(3)
      ├─DeclStm: VarDecl
      │          └─Declaration
      │            ├─Ident: sum
      │            ├─Type: Int
      │            └─Body: BinOp
      │                    ├─Int
      │                    ├─Lval
      │                    │ └─Var(a) : Int
      │                    ├─PLUS
      │                    └─Lval
      │                      └─Var(b) : Int
      ├─DeclStm: VarDecl
      │          └─Declaration
      │            ├─Ident: diff
      │            ├─Type: Int
      │            └─Body: BinOp
      │                    ├─Int
      │                    ├─Lval
      │                    │ └─Var(a) : Int
      │                    ├─Minus
      │                    └─Lval
      │                      └─Var(b) : Int
      ├─DeclStm: VarDecl
      │          └─Declaration
      │            ├─Ident: prod
      │            ├─Type: Int
      │            └─Body: BinOp
      │                    ├─Int
      │                    ├─Lval
      │                    │ └─Var(a) : Int
      │                    ├─Mul
      │                    └─Lval
      │                      └─Var(b) : Int
      ├─DeclStm: VarDecl
      │          └─Declaration
      │            ├─Ident: quot
      │            ├─Type: Int
      │            └─Body: BinOp
      │                    ├─Int
      │                    ├─Lval
      │                    │ └─Var(a) : Int
      │                    ├─Div
      │                    └─Lval
      │                      └─Var(b) : Int
      ├─DeclStm: VarDecl
      │          └─Declaration
      │            ├─Ident: rem
      │            ├─Type: Int
      │            └─Body: BinOp
      │                    ├─Int
      │                    ├─Lval
      │                    │ └─Var(a) : Int
      │                    ├─Rem
      │                    └─Lval
      │                      └─Var(b) : Int
      └─ReturnValStm: IntLit(0)
Test PASSED: Compiler succeeded as expected.

=======================================
Test Summary for assignment-06-passing-tests:
Total Tests Run: 15
Passed Tests:    14
Failed Tests:    1
=======================================
Running tests in assignment-07-failing-tests...
---------------------------------------
Found test file: assignment-07-failing-tests/test07.dlp
Test #1: assignment-07-failing-tests/test07.dlp
Running compiler: _build/default/driver.exe assignment-07-failing-tests/test07.dlp
Parsing successful!
AST:
Program
└─Function
  ├─Name: main
  ├─Return Type: Int
  ├─Parameters
  └─Body
    ├─ExprStm: CommaExpr
    │          ├─IntLit(1)
    │          └─IntLit(2)
    └─ReturnValStm: IntLit(0)
Semantic error: Invalid comma expression at line 3, characters 2-9: Comma expressions are not allowed as expression statements
Test PASSED: Compiler reported an error as expected.

---------------------------------------
Found test file: assignment-07-failing-tests/test08.dlp
Test #2: assignment-07-failing-tests/test08.dlp
Running compiler: _build/default/driver.exe assignment-07-failing-tests/test08.dlp
Parser error at line 2, character 11
Test PASSED: Compiler reported an error as expected.

=======================================
Test Summary for assignment-07-failing-tests:
Total Tests Run: 2
Passed Tests:    2
Failed Tests:    0
=======================================
Running tests in assignment-07-passing-tests...
---------------------------------------
Found test file: assignment-07-passing-tests/test01.dlp
Test #1: assignment-07-passing-tests/test01.dlp
Running compiler: _build/default/driver.exe assignment-07-passing-tests/test01.dlp
Parser error at line 3, character 16
Test FAILED: Compiler reported an error unexpectedly.

---------------------------------------
Found test file: assignment-07-passing-tests/test02.dlp
Test #2: assignment-07-passing-tests/test02.dlp
Running compiler: _build/default/driver.exe assignment-07-passing-tests/test02.dlp
Parser error at line 4, character 20
Test FAILED: Compiler reported an error unexpectedly.

---------------------------------------
Found test file: assignment-07-passing-tests/test03.dlp
Test #3: assignment-07-passing-tests/test03.dlp
Running compiler: _build/default/driver.exe assignment-07-passing-tests/test03.dlp
Parsing successful!
AST:
Program
└─Function
  ├─Name: main
  ├─Return Type: Int
  ├─Parameters
  └─Body
    ├─DeclStm: VarDecl
    │          └─Declaration
    │            ├─Ident: x
    │            ├─Type: 
    │            └─Body: CommaExpr
    │                    ├─CommaExpr
    │                    │ ├─IntLit(1)
    │                    │ └─IntLit(2)
    │                    └─IntLit(3)
    └─ReturnValStm: Lval
                    └─Var(x)
Variables in environment:
  x 
Semantic analysis successful!
Typed AST:
Program
└─Functions
  └─Function
    ├─Name: main
    ├─Return Type: Int
    ├─Params
    └─Body
      ├─DeclStm: VarDecl
      │          └─Declaration
      │            ├─Ident: x
      │            ├─Type: Int
      │            └─Body: CommaExpr : int
      │                    ├─CommaExpr : int
      │                    │ ├─IntLit(1)
      │                    │ └─IntLit(2)
      │                    └─IntLit(3)
      └─ReturnValStm: Lval
                      └─Var(x) : Int
Test PASSED: Compiler succeeded as expected.

---------------------------------------
Found test file: assignment-07-passing-tests/test04.dlp
Test #4: assignment-07-passing-tests/test04.dlp
Running compiler: _build/default/driver.exe assignment-07-passing-tests/test04.dlp
Parser error at line 2, character 25
Test FAILED: Compiler reported an error unexpectedly.

---------------------------------------
Found test file: assignment-07-passing-tests/test05.dlp
Test #5: assignment-07-passing-tests/test05.dlp
Running compiler: _build/default/driver.exe assignment-07-passing-tests/test05.dlp
Parser error at line 3, character 43
Test FAILED: Compiler reported an error unexpectedly.

---------------------------------------
Found test file: assignment-07-passing-tests/test06.dlp
Test #6: assignment-07-passing-tests/test06.dlp
Running compiler: _build/default/driver.exe assignment-07-passing-tests/test06.dlp
Parser error at line 6, character 3
Test FAILED: Compiler reported an error unexpectedly.

---------------------------------------
Found test file: assignment-07-passing-tests/test09.dlp
Test #7: assignment-07-passing-tests/test09.dlp
Running compiler: _build/default/driver.exe assignment-07-passing-tests/test09.dlp
Parsing successful!
AST:
Program
└─Function
  ├─Name: main
  ├─Return Type: Int
  ├─Parameters
  └─Body
    └─ReturnValStm: CommaExpr
                    ├─BinOp
                    │ ├─IntLit(1)
                    │ ├─PLUS
                    │ └─IntLit(2)
                    └─BinOp
                      ├─IntLit(3)
                      ├─PLUS
                      └─IntLit(4)
Variables in environment:
Semantic analysis successful!
Typed AST:
Program
└─Functions
  └─Function
    ├─Name: main
    ├─Return Type: Int
    ├─Params
    └─Body
      └─ReturnValStm: CommaExpr : int
                      ├─BinOp
                      │ ├─Int
                      │ ├─IntLit(1)
                      │ ├─PLUS
                      │ └─IntLit(2)
                      └─BinOp
                        ├─Int
                        ├─IntLit(3)
                        ├─PLUS
                        └─IntLit(4)
Test PASSED: Compiler succeeded as expected.

---------------------------------------
Found test file: assignment-07-passing-tests/test10.dlp
Test #8: assignment-07-passing-tests/test10.dlp
Running compiler: _build/default/driver.exe assignment-07-passing-tests/test10.dlp
Parser error at line 5, character 32
Test FAILED: Compiler reported an error unexpectedly.

=======================================
Test Summary for assignment-07-passing-tests:
Total Tests Run: 8
Passed Tests:    2
Failed Tests:    6
=======================================
=======================================
Overall Test Summary:
Total Failed Tests: 7
=======================================
